2015/01/14 15:40:32 [error] [php] include(Patient.php): failed to open stream: No such file or directory (/Applications/XAMPP/xamppfiles/htdocs/framework/YiiBase.php:432)
Stack trace:
#0 /Applications/XAMPP/xamppfiles/htdocs/bcpcu/themes/adminlte/views/layouts/main.php(48): spl_autoload_call()
#1 /Applications/XAMPP/xamppfiles/htdocs/framework/web/CBaseController.php(126): require()
#2 /Applications/XAMPP/xamppfiles/htdocs/framework/web/CBaseController.php(95): SiteController->renderInternal()
#3 /Applications/XAMPP/xamppfiles/htdocs/framework/web/widgets/CContentDecorator.php(76): SiteController->renderFile()
#4 /Applications/XAMPP/xamppfiles/htdocs/framework/web/widgets/CContentDecorator.php(54): CContentDecorator->decorate()
#5 /Applications/XAMPP/xamppfiles/htdocs/framework/web/widgets/COutputProcessor.php(44): CContentDecorator->processOutput()
#6 /Applications/XAMPP/xamppfiles/htdocs/framework/web/CBaseController.php(214): CContentDecorator->run()
#7 /Applications/XAMPP/xamppfiles/htdocs/framework/web/CBaseController.php(308): SiteController->endWidget()
#8 /Applications/XAMPP/xamppfiles/htdocs/bcpcu/protected/views/layouts/column1.php(6): SiteController->endContent()
#9 /Applications/XAMPP/xamppfiles/htdocs/framework/web/CBaseController.php(126): require()
#10 /Applications/XAMPP/xamppfiles/htdocs/framework/web/CBaseController.php(95): SiteController->renderInternal()
#11 /Applications/XAMPP/xamppfiles/htdocs/framework/web/CController.php(784): SiteController->renderFile()
#12 /Applications/XAMPP/xamppfiles/htdocs/bcpcu/protected/controllers/SiteController.php(32): SiteController->render()
#13 /Applications/XAMPP/xamppfiles/htdocs/framework/web/actions/CInlineAction.php(49): SiteController->actionIndex()
#14 /Applications/XAMPP/xamppfiles/htdocs/framework/web/CController.php(308): CInlineAction->runWithParams()
#15 /Applications/XAMPP/xamppfiles/htdocs/framework/web/CController.php(286): SiteController->runAction()
#16 /Applications/XAMPP/xamppfiles/htdocs/framework/web/CController.php(265): SiteController->runActionWithFilters()
#17 /Applications/XAMPP/xamppfiles/htdocs/framework/web/CWebApplication.php(282): SiteController->run()
#18 /Applications/XAMPP/xamppfiles/htdocs/framework/web/CWebApplication.php(141): CWebApplication->runController()
#19 /Applications/XAMPP/xamppfiles/htdocs/framework/base/CApplication.php(184): CWebApplication->processRequest()
#20 /Applications/XAMPP/xamppfiles/htdocs/bcpcu/index.php(13): CWebApplication->run()
REQUEST_URI=/bcpcu/index.php?r=site
in /Applications/XAMPP/xamppfiles/htdocs/bcpcu/themes/adminlte/views/layouts/main.php (48)
in /Applications/XAMPP/xamppfiles/htdocs/bcpcu/protected/views/layouts/column1.php (6)
in /Applications/XAMPP/xamppfiles/htdocs/bcpcu/protected/controllers/SiteController.php (32)
2015/01/14 15:40:35 [error] [php] include(Patient.php): failed to open stream: No such file or directory (/Applications/XAMPP/xamppfiles/htdocs/framework/YiiBase.php:432)
Stack trace:
#0 /Applications/XAMPP/xamppfiles/htdocs/bcpcu/themes/adminlte/views/layouts/main.php(48): spl_autoload_call()
#1 /Applications/XAMPP/xamppfiles/htdocs/framework/web/CBaseController.php(126): require()
#2 /Applications/XAMPP/xamppfiles/htdocs/framework/web/CBaseController.php(95): SiteController->renderInternal()
#3 /Applications/XAMPP/xamppfiles/htdocs/framework/web/widgets/CContentDecorator.php(76): SiteController->renderFile()
#4 /Applications/XAMPP/xamppfiles/htdocs/framework/web/widgets/CContentDecorator.php(54): CContentDecorator->decorate()
#5 /Applications/XAMPP/xamppfiles/htdocs/framework/web/widgets/COutputProcessor.php(44): CContentDecorator->processOutput()
#6 /Applications/XAMPP/xamppfiles/htdocs/framework/web/CBaseController.php(214): CContentDecorator->run()
#7 /Applications/XAMPP/xamppfiles/htdocs/framework/web/CBaseController.php(308): SiteController->endWidget()
#8 /Applications/XAMPP/xamppfiles/htdocs/bcpcu/protected/views/layouts/column1.php(6): SiteController->endContent()
#9 /Applications/XAMPP/xamppfiles/htdocs/framework/web/CBaseController.php(126): require()
#10 /Applications/XAMPP/xamppfiles/htdocs/framework/web/CBaseController.php(95): SiteController->renderInternal()
#11 /Applications/XAMPP/xamppfiles/htdocs/framework/web/CController.php(784): SiteController->renderFile()
#12 /Applications/XAMPP/xamppfiles/htdocs/bcpcu/protected/controllers/SiteController.php(32): SiteController->render()
#13 /Applications/XAMPP/xamppfiles/htdocs/framework/web/actions/CInlineAction.php(49): SiteController->actionIndex()
#14 /Applications/XAMPP/xamppfiles/htdocs/framework/web/CController.php(308): CInlineAction->runWithParams()
#15 /Applications/XAMPP/xamppfiles/htdocs/framework/web/CController.php(286): SiteController->runAction()
#16 /Applications/XAMPP/xamppfiles/htdocs/framework/web/CController.php(265): SiteController->runActionWithFilters()
#17 /Applications/XAMPP/xamppfiles/htdocs/framework/web/CWebApplication.php(282): SiteController->run()
#18 /Applications/XAMPP/xamppfiles/htdocs/framework/web/CWebApplication.php(141): CWebApplication->runController()
#19 /Applications/XAMPP/xamppfiles/htdocs/framework/base/CApplication.php(184): CWebApplication->processRequest()
#20 /Applications/XAMPP/xamppfiles/htdocs/bcpcu/index.php(13): CWebApplication->run()
REQUEST_URI=/bcpcu/index.php?r=site
in /Applications/XAMPP/xamppfiles/htdocs/bcpcu/themes/adminlte/views/layouts/main.php (48)
in /Applications/XAMPP/xamppfiles/htdocs/bcpcu/protected/views/layouts/column1.php (6)
in /Applications/XAMPP/xamppfiles/htdocs/bcpcu/protected/controllers/SiteController.php (32)
2015/01/14 15:41:47 [error] [php] include(Patient.php): failed to open stream: No such file or directory (/Applications/XAMPP/xamppfiles/htdocs/framework/YiiBase.php:432)
Stack trace:
#0 /Applications/XAMPP/xamppfiles/htdocs/bcpcu/themes/adminlte/views/layouts/main.php(48): spl_autoload_call()
#1 /Applications/XAMPP/xamppfiles/htdocs/framework/web/CBaseController.php(126): require()
#2 /Applications/XAMPP/xamppfiles/htdocs/framework/web/CBaseController.php(95): SiteController->renderInternal()
#3 /Applications/XAMPP/xamppfiles/htdocs/framework/web/widgets/CContentDecorator.php(76): SiteController->renderFile()
#4 /Applications/XAMPP/xamppfiles/htdocs/framework/web/widgets/CContentDecorator.php(54): CContentDecorator->decorate()
#5 /Applications/XAMPP/xamppfiles/htdocs/framework/web/widgets/COutputProcessor.php(44): CContentDecorator->processOutput()
#6 /Applications/XAMPP/xamppfiles/htdocs/framework/web/CBaseController.php(214): CContentDecorator->run()
#7 /Applications/XAMPP/xamppfiles/htdocs/framework/web/CBaseController.php(308): SiteController->endWidget()
#8 /Applications/XAMPP/xamppfiles/htdocs/bcpcu/protected/views/layouts/column1.php(6): SiteController->endContent()
#9 /Applications/XAMPP/xamppfiles/htdocs/framework/web/CBaseController.php(126): require()
#10 /Applications/XAMPP/xamppfiles/htdocs/framework/web/CBaseController.php(95): SiteController->renderInternal()
#11 /Applications/XAMPP/xamppfiles/htdocs/framework/web/CController.php(784): SiteController->renderFile()
#12 /Applications/XAMPP/xamppfiles/htdocs/bcpcu/protected/controllers/SiteController.php(32): SiteController->render()
#13 /Applications/XAMPP/xamppfiles/htdocs/framework/web/actions/CInlineAction.php(49): SiteController->actionIndex()
#14 /Applications/XAMPP/xamppfiles/htdocs/framework/web/CController.php(308): CInlineAction->runWithParams()
#15 /Applications/XAMPP/xamppfiles/htdocs/framework/web/CController.php(286): SiteController->runAction()
#16 /Applications/XAMPP/xamppfiles/htdocs/framework/web/CController.php(265): SiteController->runActionWithFilters()
#17 /Applications/XAMPP/xamppfiles/htdocs/framework/web/CWebApplication.php(282): SiteController->run()
#18 /Applications/XAMPP/xamppfiles/htdocs/framework/web/CWebApplication.php(141): CWebApplication->runController()
#19 /Applications/XAMPP/xamppfiles/htdocs/framework/base/CApplication.php(184): CWebApplication->processRequest()
#20 /Applications/XAMPP/xamppfiles/htdocs/bcpcu/index.php(13): CWebApplication->run()
REQUEST_URI=/bcpcu/index.php?r=site
in /Applications/XAMPP/xamppfiles/htdocs/bcpcu/themes/adminlte/views/layouts/main.php (48)
in /Applications/XAMPP/xamppfiles/htdocs/bcpcu/protected/views/layouts/column1.php (6)
in /Applications/XAMPP/xamppfiles/htdocs/bcpcu/protected/controllers/SiteController.php (32)
2015/01/14 15:42:05 [error] [php] include(Patient.php): failed to open stream: No such file or directory (/Applications/XAMPP/xamppfiles/htdocs/framework/YiiBase.php:432)
Stack trace:
#0 /Applications/XAMPP/xamppfiles/htdocs/bcpcu/themes/adminlte/views/layouts/main.php(48): spl_autoload_call()
#1 /Applications/XAMPP/xamppfiles/htdocs/framework/web/CBaseController.php(126): require()
#2 /Applications/XAMPP/xamppfiles/htdocs/framework/web/CBaseController.php(95): SiteController->renderInternal()
#3 /Applications/XAMPP/xamppfiles/htdocs/framework/web/widgets/CContentDecorator.php(76): SiteController->renderFile()
#4 /Applications/XAMPP/xamppfiles/htdocs/framework/web/widgets/CContentDecorator.php(54): CContentDecorator->decorate()
#5 /Applications/XAMPP/xamppfiles/htdocs/framework/web/widgets/COutputProcessor.php(44): CContentDecorator->processOutput()
#6 /Applications/XAMPP/xamppfiles/htdocs/framework/web/CBaseController.php(214): CContentDecorator->run()
#7 /Applications/XAMPP/xamppfiles/htdocs/framework/web/CBaseController.php(308): SiteController->endWidget()
#8 /Applications/XAMPP/xamppfiles/htdocs/bcpcu/protected/views/layouts/column1.php(6): SiteController->endContent()
#9 /Applications/XAMPP/xamppfiles/htdocs/framework/web/CBaseController.php(126): require()
#10 /Applications/XAMPP/xamppfiles/htdocs/framework/web/CBaseController.php(95): SiteController->renderInternal()
#11 /Applications/XAMPP/xamppfiles/htdocs/framework/web/CController.php(784): SiteController->renderFile()
#12 /Applications/XAMPP/xamppfiles/htdocs/bcpcu/protected/controllers/SiteController.php(32): SiteController->render()
#13 /Applications/XAMPP/xamppfiles/htdocs/framework/web/actions/CInlineAction.php(49): SiteController->actionIndex()
#14 /Applications/XAMPP/xamppfiles/htdocs/framework/web/CController.php(308): CInlineAction->runWithParams()
#15 /Applications/XAMPP/xamppfiles/htdocs/framework/web/CController.php(286): SiteController->runAction()
#16 /Applications/XAMPP/xamppfiles/htdocs/framework/web/CController.php(265): SiteController->runActionWithFilters()
#17 /Applications/XAMPP/xamppfiles/htdocs/framework/web/CWebApplication.php(282): SiteController->run()
#18 /Applications/XAMPP/xamppfiles/htdocs/framework/web/CWebApplication.php(141): CWebApplication->runController()
#19 /Applications/XAMPP/xamppfiles/htdocs/framework/base/CApplication.php(184): CWebApplication->processRequest()
#20 /Applications/XAMPP/xamppfiles/htdocs/bcpcu/index.php(13): CWebApplication->run()
REQUEST_URI=/bcpcu/index.php?r=site/index
in /Applications/XAMPP/xamppfiles/htdocs/bcpcu/themes/adminlte/views/layouts/main.php (48)
in /Applications/XAMPP/xamppfiles/htdocs/bcpcu/protected/views/layouts/column1.php (6)
in /Applications/XAMPP/xamppfiles/htdocs/bcpcu/protected/controllers/SiteController.php (32)
2015/01/14 15:43:31 [error] [exception.CException] exception 'CException' with message 'SiteController cannot find the requested view "index".' in /Applications/XAMPP/xamppfiles/htdocs/framework/web/CController.php:878
Stack trace:
#0 /Applications/XAMPP/xamppfiles/htdocs/framework/web/CController.php(782): CController->renderPartial('index', NULL, true)
#1 /Applications/XAMPP/xamppfiles/htdocs/bcpcu/protected/controllers/SiteController.php(32): CController->render('index')
#2 /Applications/XAMPP/xamppfiles/htdocs/framework/web/actions/CInlineAction.php(49): SiteController->actionIndex()
#3 /Applications/XAMPP/xamppfiles/htdocs/framework/web/CController.php(308): CInlineAction->runWithParams(Array)
#4 /Applications/XAMPP/xamppfiles/htdocs/framework/web/CController.php(286): CController->runAction(Object(CInlineAction))
#5 /Applications/XAMPP/xamppfiles/htdocs/framework/web/CController.php(265): CController->runActionWithFilters(Object(CInlineAction), Array)
#6 /Applications/XAMPP/xamppfiles/htdocs/framework/web/CWebApplication.php(282): CController->run('index')
#7 /Applications/XAMPP/xamppfiles/htdocs/framework/web/CWebApplication.php(141): CWebApplication->runController('site/index')
#8 /Applications/XAMPP/xamppfiles/htdocs/framework/base/CApplication.php(184): CWebApplication->processRequest()
#9 /Applications/XAMPP/xamppfiles/htdocs/bcpcu/index.php(13): CApplication->run()
#10 {main}
REQUEST_URI=/bcpcu/index.php?r=site/index
---
2015/01/14 15:51:59 [error] [exception.CException] exception 'CException' with message 'SiteController cannot find the requested view "index".' in /Applications/XAMPP/xamppfiles/htdocs/framework/web/CController.php:878
Stack trace:
#0 /Applications/XAMPP/xamppfiles/htdocs/framework/web/CController.php(782): CController->renderPartial('index', NULL, true)
#1 /Applications/XAMPP/xamppfiles/htdocs/bcpcu/protected/controllers/SiteController.php(32): CController->render('index')
#2 /Applications/XAMPP/xamppfiles/htdocs/framework/web/actions/CInlineAction.php(49): SiteController->actionIndex()
#3 /Applications/XAMPP/xamppfiles/htdocs/framework/web/CController.php(308): CInlineAction->runWithParams(Array)
#4 /Applications/XAMPP/xamppfiles/htdocs/framework/web/CController.php(286): CController->runAction(Object(CInlineAction))
#5 /Applications/XAMPP/xamppfiles/htdocs/framework/web/CController.php(265): CController->runActionWithFilters(Object(CInlineAction), Array)
#6 /Applications/XAMPP/xamppfiles/htdocs/framework/web/CWebApplication.php(282): CController->run('index')
#7 /Applications/XAMPP/xamppfiles/htdocs/framework/web/CWebApplication.php(141): CWebApplication->runController('site/index')
#8 /Applications/XAMPP/xamppfiles/htdocs/framework/base/CApplication.php(184): CWebApplication->processRequest()
#9 /Applications/XAMPP/xamppfiles/htdocs/bcpcu/index.php(13): CApplication->run()
#10 {main}
REQUEST_URI=/bcpcu/index.php?r=site/index
---
2015/01/14 15:52:07 [error] [exception.CException] exception 'CException' with message 'SiteController cannot find the requested view "index".' in /Applications/XAMPP/xamppfiles/htdocs/framework/web/CController.php:878
Stack trace:
#0 /Applications/XAMPP/xamppfiles/htdocs/framework/web/CController.php(782): CController->renderPartial('index', NULL, true)
#1 /Applications/XAMPP/xamppfiles/htdocs/bcpcu/protected/controllers/SiteController.php(32): CController->render('index')
#2 /Applications/XAMPP/xamppfiles/htdocs/framework/web/actions/CInlineAction.php(49): SiteController->actionIndex()
#3 /Applications/XAMPP/xamppfiles/htdocs/framework/web/CController.php(308): CInlineAction->runWithParams(Array)
#4 /Applications/XAMPP/xamppfiles/htdocs/framework/web/CController.php(286): CController->runAction(Object(CInlineAction))
#5 /Applications/XAMPP/xamppfiles/htdocs/framework/web/CController.php(265): CController->runActionWithFilters(Object(CInlineAction), Array)
#6 /Applications/XAMPP/xamppfiles/htdocs/framework/web/CWebApplication.php(282): CController->run('index')
#7 /Applications/XAMPP/xamppfiles/htdocs/framework/web/CWebApplication.php(141): CWebApplication->runController('site/index')
#8 /Applications/XAMPP/xamppfiles/htdocs/framework/base/CApplication.php(184): CWebApplication->processRequest()
#9 /Applications/XAMPP/xamppfiles/htdocs/bcpcu/index.php(13): CApplication->run()
#10 {main}
REQUEST_URI=/bcpcu/index.php?r=site/index
---
2015/01/14 15:52:36 [error] [exception.CException] exception 'CException' with message 'SiteController cannot find the requested view "index".' in /Applications/XAMPP/xamppfiles/htdocs/framework/web/CController.php:878
Stack trace:
#0 /Applications/XAMPP/xamppfiles/htdocs/framework/web/CController.php(782): CController->renderPartial('index', NULL, true)
#1 /Applications/XAMPP/xamppfiles/htdocs/bcpcu/protected/controllers/SiteController.php(32): CController->render('index')
#2 /Applications/XAMPP/xamppfiles/htdocs/framework/web/actions/CInlineAction.php(49): SiteController->actionIndex()
#3 /Applications/XAMPP/xamppfiles/htdocs/framework/web/CController.php(308): CInlineAction->runWithParams(Array)
#4 /Applications/XAMPP/xamppfiles/htdocs/framework/web/CController.php(286): CController->runAction(Object(CInlineAction))
#5 /Applications/XAMPP/xamppfiles/htdocs/framework/web/CController.php(265): CController->runActionWithFilters(Object(CInlineAction), Array)
#6 /Applications/XAMPP/xamppfiles/htdocs/framework/web/CWebApplication.php(282): CController->run('index')
#7 /Applications/XAMPP/xamppfiles/htdocs/framework/web/CWebApplication.php(141): CWebApplication->runController('site/index')
#8 /Applications/XAMPP/xamppfiles/htdocs/framework/base/CApplication.php(184): CWebApplication->processRequest()
#9 /Applications/XAMPP/xamppfiles/htdocs/bcpcu/index.php(13): CApplication->run()
#10 {main}
REQUEST_URI=/bcpcu/index.php?r=site/index
---
2015/01/14 15:52:39 [error] [exception.CException] exception 'CException' with message 'SiteController cannot find the requested view "index".' in /Applications/XAMPP/xamppfiles/htdocs/framework/web/CController.php:878
Stack trace:
#0 /Applications/XAMPP/xamppfiles/htdocs/framework/web/CController.php(782): CController->renderPartial('index', NULL, true)
#1 /Applications/XAMPP/xamppfiles/htdocs/bcpcu/protected/controllers/SiteController.php(32): CController->render('index')
#2 /Applications/XAMPP/xamppfiles/htdocs/framework/web/actions/CInlineAction.php(49): SiteController->actionIndex()
#3 /Applications/XAMPP/xamppfiles/htdocs/framework/web/CController.php(308): CInlineAction->runWithParams(Array)
#4 /Applications/XAMPP/xamppfiles/htdocs/framework/web/CController.php(286): CController->runAction(Object(CInlineAction))
#5 /Applications/XAMPP/xamppfiles/htdocs/framework/web/CController.php(265): CController->runActionWithFilters(Object(CInlineAction), Array)
#6 /Applications/XAMPP/xamppfiles/htdocs/framework/web/CWebApplication.php(282): CController->run('index')
#7 /Applications/XAMPP/xamppfiles/htdocs/framework/web/CWebApplication.php(141): CWebApplication->runController('site/index')
#8 /Applications/XAMPP/xamppfiles/htdocs/framework/base/CApplication.php(184): CWebApplication->processRequest()
#9 /Applications/XAMPP/xamppfiles/htdocs/bcpcu/index.php(13): CApplication->run()
#10 {main}
REQUEST_URI=/bcpcu/index.php?r=site/index
---
2015/01/14 15:52:42 [error] [exception.CException] exception 'CException' with message 'SiteController cannot find the requested view "index".' in /Applications/XAMPP/xamppfiles/htdocs/framework/web/CController.php:878
Stack trace:
#0 /Applications/XAMPP/xamppfiles/htdocs/framework/web/CController.php(782): CController->renderPartial('index', NULL, true)
#1 /Applications/XAMPP/xamppfiles/htdocs/bcpcu/protected/controllers/SiteController.php(32): CController->render('index')
#2 /Applications/XAMPP/xamppfiles/htdocs/framework/web/actions/CInlineAction.php(49): SiteController->actionIndex()
#3 /Applications/XAMPP/xamppfiles/htdocs/framework/web/CController.php(308): CInlineAction->runWithParams(Array)
#4 /Applications/XAMPP/xamppfiles/htdocs/framework/web/CController.php(286): CController->runAction(Object(CInlineAction))
#5 /Applications/XAMPP/xamppfiles/htdocs/framework/web/CController.php(265): CController->runActionWithFilters(Object(CInlineAction), Array)
#6 /Applications/XAMPP/xamppfiles/htdocs/framework/web/CWebApplication.php(282): CController->run('index')
#7 /Applications/XAMPP/xamppfiles/htdocs/framework/web/CWebApplication.php(141): CWebApplication->runController('site/index')
#8 /Applications/XAMPP/xamppfiles/htdocs/framework/base/CApplication.php(184): CWebApplication->processRequest()
#9 /Applications/XAMPP/xamppfiles/htdocs/bcpcu/index.php(13): CApplication->run()
#10 {main}
REQUEST_URI=/bcpcu/index.php?r=site/index
---
2015/01/14 15:52:51 [error] [exception.CException] exception 'CException' with message 'SiteController cannot find the requested view "index".' in /Applications/XAMPP/xamppfiles/htdocs/framework/web/CController.php:878
Stack trace:
#0 /Applications/XAMPP/xamppfiles/htdocs/framework/web/CController.php(782): CController->renderPartial('index', NULL, true)
#1 /Applications/XAMPP/xamppfiles/htdocs/bcpcu/protected/controllers/SiteController.php(32): CController->render('index')
#2 /Applications/XAMPP/xamppfiles/htdocs/framework/web/actions/CInlineAction.php(49): SiteController->actionIndex()
#3 /Applications/XAMPP/xamppfiles/htdocs/framework/web/CController.php(308): CInlineAction->runWithParams(Array)
#4 /Applications/XAMPP/xamppfiles/htdocs/framework/web/CController.php(286): CController->runAction(Object(CInlineAction))
#5 /Applications/XAMPP/xamppfiles/htdocs/framework/web/CController.php(265): CController->runActionWithFilters(Object(CInlineAction), Array)
#6 /Applications/XAMPP/xamppfiles/htdocs/framework/web/CWebApplication.php(282): CController->run('index')
#7 /Applications/XAMPP/xamppfiles/htdocs/framework/web/CWebApplication.php(141): CWebApplication->runController('site/index')
#8 /Applications/XAMPP/xamppfiles/htdocs/framework/base/CApplication.php(184): CWebApplication->processRequest()
#9 /Applications/XAMPP/xamppfiles/htdocs/bcpcu/index.php(13): CApplication->run()
#10 {main}
REQUEST_URI=/bcpcu/index.php?r=site/index
---
